24-May-2025 10:06:39.370 INFO [main] org.apache.catalina.startup.VersionLoggerListener.log Server version name:   Apache Tomcat/9.0.105
24-May-2025 10:06:39.379 INFO [main] org.apache.catalina.startup.VersionLoggerListener.log Server built:          May 7 2025 18:36:02 UTC
24-May-2025 10:06:39.380 INFO [main] org.apache.catalina.startup.VersionLoggerListener.log Server version number: 9.0.105.0
24-May-2025 10:06:39.380 INFO [main] org.apache.catalina.startup.VersionLoggerListener.log OS Name:               Windows 11
24-May-2025 10:06:39.380 INFO [main] org.apache.catalina.startup.VersionLoggerListener.log OS Version:            10.0
24-May-2025 10:06:39.380 INFO [main] org.apache.catalina.startup.VersionLoggerListener.log Architecture:          amd64
24-May-2025 10:06:39.380 INFO [main] org.apache.catalina.startup.VersionLoggerListener.log Java Home:             C:\Program Files\Java\jdk-17
24-May-2025 10:06:39.381 INFO [main] org.apache.catalina.startup.VersionLoggerListener.log JVM Version:           17.0.12+8-LTS-286
24-May-2025 10:06:39.381 INFO [main] org.apache.catalina.startup.VersionLoggerListener.log JVM Vendor:            Oracle Corporation
24-May-2025 10:06:39.381 INFO [main] org.apache.catalina.startup.VersionLoggerListener.log CATALINA_BASE:         C:\Users\bhanu\Desktop\java prog\Tomcat
24-May-2025 10:06:39.381 INFO [main] org.apache.catalina.startup.VersionLoggerListener.log CATALINA_HOME:         C:\Users\bhanu\Downloads\apache-tomcat-9.0.105
24-May-2025 10:06:39.397 INFO [main] org.apache.catalina.startup.VersionLoggerListener.log Command line argument: --add-opens=java.base/java.lang=ALL-UNNAMED
24-May-2025 10:06:39.397 INFO [main] org.apache.catalina.startup.VersionLoggerListener.log Command line argument: --add-opens=java.base/java.io=ALL-UNNAMED
24-May-2025 10:06:39.397 INFO [main] org.apache.catalina.startup.VersionLoggerListener.log Command line argument: --add-opens=java.base/java.util=ALL-UNNAMED
24-May-2025 10:06:39.397 INFO [main] org.apache.catalina.startup.VersionLoggerListener.log Command line argument: --add-opens=java.base/java.util.concurrent=ALL-UNNAMED
24-May-2025 10:06:39.398 INFO [main] org.apache.catalina.startup.VersionLoggerListener.log Command line argument: --add-opens=java.rmi/sun.rmi.transport=ALL-UNNAMED
24-May-2025 10:06:39.398 INFO [main] org.apache.catalina.startup.VersionLoggerListener.log Command line argument: -Dcatalina.home=C:\Users\bhanu\Downloads\apache-tomcat-9.0.105
24-May-2025 10:06:39.398 INFO [main] org.apache.catalina.startup.VersionLoggerListener.log Command line argument: -Dcatalina.base=C:\Users\bhanu\Desktop\java prog\Tomcat
24-May-2025 10:06:39.398 INFO [main] org.apache.catalina.startup.VersionLoggerListener.log Command line argument: -Djava.io.tmpdir=C:\Users\bhanu\Desktop\java prog\Tomcat\temp
24-May-2025 10:06:39.398 INFO [main] org.apache.catalina.startup.VersionLoggerListener.log Command line argument: -Djava.util.logging.config.file=C:\Users\bhanu\Desktop\java prog\Tomcat\conf\logging.properties
24-May-2025 10:06:39.398 INFO [main] org.apache.catalina.startup.VersionLoggerListener.log Command line argument: -Djava.util.logging.manager=org.apache.juli.ClassLoaderLogManager
24-May-2025 10:06:39.398 INFO [main] org.apache.catalina.startup.VersionLoggerListener.log Command line argument: -javaagent:C:\Program Files\JetBrains\IntelliJ IDEA Community Edition 2024.3.5\lib\idea_rt.jar=59345
24-May-2025 10:06:39.398 INFO [main] org.apache.catalina.startup.VersionLoggerListener.log Command line argument: -Dfile.encoding=UTF-8
24-May-2025 10:06:39.412 INFO [main] org.apache.catalina.core.AprLifecycleListener.lifecycleEvent The Apache Tomcat Native library which allows using OpenSSL was not found on the java.library.path: [C:\Program Files\Java\jdk-17\bin;C:\WINDOWS\Sun\Java\bin;C:\WINDOWS\system32;C:\WINDOWS;C:\Program Files\Common Files\Oracle\Java\javapath;C:\Python311\Scripts\;C:\Python311\;C:\WINDOWS\system32;C:\WINDOWS;C:\WINDOWS\System32\Wbem;C:\WINDOWS\System32\WindowsPowerShell\v1.0\;C:\WINDOWS\System32\OpenSSH\;C:\Program Files\dotnet\;C:\ProgramData\chocolatey\bin;C:\Program Files\nodejs\;C:\Users\bhanu\Downloads\jdk-17.0.12_windows-x64_bin\jdk-17.0.12;C:\Program Files\Git\cmd;C:\Program Files\MySQL\MySQL Shell 8.0\bin\;C:\Users\bhanu\AppData\Local\Programs\Python\Python312\Scripts\;C:\Users\bhanu\AppData\Local\Programs\Python\Python312\;C:\Users\bhanu\AppData\Local\Programs\Python\Launcher\;C:\Users\bhanu\AppData\Local\Microsoft\WindowsApps;C:\Users\bhanu\AppData\Local\atom\bin;C:\Users\bhanu\AppData\Local\Microsoft\WindowsApps;;C:\Users\bhanu\AppData\Local\Programs\Microsoft VS Code\bin;C:\Program Files\heroku\bin;C:\Users\bhanu\AppData\Roaming\npm;C:\Users\bhanu\AppData\Local\JetBrains\IntelliJ IDEA Community Edition 2024.3.5\bin;;.]
24-May-2025 10:06:39.942 INFO [main] org.apache.coyote.AbstractProtocol.init Initializing ProtocolHandler ["http-nio-8080"]
24-May-2025 10:06:39.980 INFO [main] org.apache.catalina.startup.Catalina.load Server initialization in [1159] milliseconds
24-May-2025 10:06:40.076 INFO [main] org.apache.catalina.core.StandardService.startInternal Starting service [Catalina]
24-May-2025 10:06:40.077 INFO [main] org.apache.catalina.core.StandardEngine.startInternal Starting Servlet engine: [Apache Tomcat/9.0.105]
24-May-2025 10:06:40.106 INFO [main] org.apache.catalina.startup.HostConfig.deployDescriptor Deploying deployment descriptor [C:\Users\bhanu\Desktop\java prog\Tomcat\conf\Catalina\localhost\Tomcat.xml]
24-May-2025 10:06:41.428 INFO [main] org.apache.catalina.startup.HostConfig.deployDescriptor Deployment of deployment descriptor [C:\Users\bhanu\Desktop\java prog\Tomcat\conf\Catalina\localhost\Tomcat.xml] has finished in [1,321] ms
24-May-2025 10:06:41.440 INFO [main] org.apache.coyote.AbstractProtocol.start Starting ProtocolHandler ["http-nio-8080"]
24-May-2025 10:06:41.585 INFO [main] org.apache.catalina.startup.Catalina.start Server startup in [1604] milliseconds
24-May-2025 10:07:59.018 INFO [Thread-1] org.apache.coyote.AbstractProtocol.pause Pausing ProtocolHandler ["http-nio-8080"]
24-May-2025 10:07:59.350 INFO [Thread-1] org.apache.catalina.core.StandardService.stopInternal Stopping service [Catalina]
24-May-2025 10:07:59.382 INFO [Thread-1] org.apache.coyote.AbstractProtocol.stop Stopping ProtocolHandler ["http-nio-8080"]
24-May-2025 10:07:59.400 INFO [Thread-1] org.apache.coyote.AbstractProtocol.destroy Destroying ProtocolHandler ["http-nio-8080"]
